2005.07.02 07:18 B c:\my documents\kurudamannil\img\A.gif --> www.users.freenetname.co.uk /public_html/img A.gif
2005.07.02 07:18 B c:\my documents\kurudamannil\img\a_title.gif --> www.users.freenetname.co.uk /public_html/img a_title.gif
2005.07.02 07:18 B c:\my documents\kurudamannil\img\arr_lft.jpg --> www.users.freenetname.co.uk /public_html/img arr_lft.jpg
2005.07.02 07:18 B c:\my documents\kurudamannil\img\B.gif --> www.users.freenetname.co.uk /public_html/img B.gif
2005.07.02 07:18 B c:\my documents\kurudamannil\img\bg.gif --> www.users.freenetname.co.uk /public_html/img bg.gif
2005.07.02 07:18 B c:\my documents\kurudamannil\img\button.gif --> www.users.freenetname.co.uk /public_html/img button.gif
2005.07.02 07:18 B c:\my documents\kurudamannil\img\C.gif --> www.users.freenetname.co.uk /public_html/img C.gif
2005.07.02 07:18 B c:\my documents\kurudamannil\img\cher14.jpg --> www.users.freenetname.co.uk /public_html/img cher14.jpg
2005.07.02 07:18 B c:\my documents\kurudamannil\img\cher5.jpg --> www.users.freenetname.co.uk /public_html/img cher5.jpg
2005.07.02 07:18 B c:\my documents\kurudamannil\img\chery1.JPG --> www.users.freenetname.co.uk /public_html/img chery1.JPG
2005.07.02 07:18 B c:\my documents\kurudamannil\img\com.JPG --> www.users.freenetname.co.uk /public_html/img com.JPG
2005.07.02 07:18 B c:\my documents\kurudamannil\img\D.gif --> www.users.freenetname.co.uk /public_html/img D.gif
2005.07.02 07:18 B c:\my documents\kurudamannil\img\daisy.jpg --> www.users.freenetname.co.uk /public_html/img daisy.jpg
2005.07.02 07:18 B c:\my documents\kurudamannil\img\denny.jpg --> www.users.freenetname.co.uk /public_html/img denny.jpg
2005.07.02 07:18 B c:\my documents\kurudamannil\img\dr.simonfamily.JPG --> www.users.freenetname.co.uk /public_html/img dr.simonfamily.JPG
2005.07.02 07:18 B c:\my documents\kurudamannil\img\dubai2.JPG --> www.users.freenetname.co.uk /public_html/img dubai2.JPG
2005.07.02 07:18 B c:\my documents\kurudamannil\img\E.gif --> www.users.freenetname.co.uk /public_html/img E.gif
2005.07.02 07:18 B c:\my documents\kurudamannil\img\easo.JPG --> www.users.freenetname.co.uk /public_html/img easo.JPG
2005.07.02 07:18 B c:\my documents\kurudamannil\img\easo2.JPG --> www.users.freenetname.co.uk /public_html/img easo2.JPG
2005.07.02 07:18 B c:\my documents\kurudamannil\img\emb_1.jpg --> www.users.freenetname.co.uk /public_html/img emb_1.jpg
2005.07.02 07:18 B c:\my documents\kurudamannil\img\emb_2.jpg --> www.users.freenetname.co.uk /public_html/img emb_2.jpg
2005.07.02 07:18 B c:\my documents\kurudamannil\img\emb_3.jpg --> www.users.freenetname.co.uk /public_html/img emb_3.jpg
2005.07.02 07:18 B c:\my documents\kurudamannil\img\F.gif --> www.users.freenetname.co.uk /public_html/img F.gif
2005.07.02 07:18 B c:\my documents\kurudamannil\img\family6.jpg --> www.users.freenetname.co.uk /public_html/img family6.jpg
2005.07.02 07:18 B c:\my documents\kurudamannil\img\G.gif --> www.users.freenetname.co.uk /public_html/img G.gif
2005.07.02 07:18 B c:\my documents\kurudamannil\img\grp_i1.jpg --> www.users.freenetname.co.uk /public_html/img grp_i1.jpg
2005.07.02 07:18 B c:\my documents\kurudamannil\img\grp_i2.jpg --> www.users.freenetname.co.uk /public_html/img grp_i2.jpg
2005.07.02 07:18 B c:\my documents\kurudamannil\img\grp_i3.jpg --> www.users.freenetname.co.uk /public_html/img grp_i3.jpg
2005.07.02 07:18 B c:\my documents\kurudamannil\img\H.gif --> www.users.freenetname.co.uk /public_html/img H.gif
2005.07.02 07:19 B c:\my documents\kurudamannil\img\img.Zip --> www.users.freenetname.co.uk /public_html/img img.Zip
2005.07.02 07:19 B c:\my documents\kurudamannil\img\jai.JPG --> www.users.freenetname.co.uk /public_html/img jai.JPG
2005.07.02 07:19 B c:\my documents\kurudamannil\img\kaip_1.jpg --> www.users.freenetname.co.uk /public_html/img kaip_1.jpg
2005.07.02 07:19 B c:\my documents\kurudamannil\img\kaip_2.jpg --> www.users.freenetname.co.uk /public_html/img kaip_2.jpg
2005.07.02 07:19 B c:\my documents\kurudamannil\img\kaip_3.jpg --> www.users.freenetname.co.uk /public_html/img kaip_3.jpg
2005.07.02 07:19 B c:\my documents\kurudamannil\img\kaiplackal1.jpg --> www.users.freenetname.co.uk /public_html/img kaiplackal1.jpg
2005.07.02 07:19 B c:\my documents\kurudamannil\img\kaiplackal2.jpg --> www.users.freenetname.co.uk /public_html/img kaiplackal2.jpg
2005.07.02 07:19 B c:\my documents\kurudamannil\img\kanthapallil1.jpg --> www.users.freenetname.co.uk /public_html/img kanthapallil1.jpg
2005.07.02 07:19 B c:\my documents\kurudamannil\img\kanthapallil2.jpg --> www.users.freenetname.co.uk /public_html/img kanthapallil2.jpg
2005.07.02 07:19 B c:\my documents\kurudamannil\img\kud.jpg --> www.users.freenetname.co.uk /public_html/img kud.jpg
2005.07.02 07:19 B c:\my documents\kurudamannil\img\kuncheria.jpg --> www.users.freenetname.co.uk /public_html/img kuncheria.jpg
2005.07.02 07:19 B c:\my documents\kurudamannil\img\kunj.JPG --> www.users.freenetname.co.uk /public_html/img kunj.JPG
2005.07.02 07:19 B c:\my documents\kurudamannil\img\kurumpelil1.jpg --> www.users.freenetname.co.uk /public_html/img kurumpelil1.jpg
2005.07.02 07:19 B c:\my documents\kurudamannil\img\kurumpelil2.jpg --> www.users.freenetname.co.uk /public_html/img kurumpelil2.jpg
2005.07.02 07:19 B c:\my documents\kurudamannil\img\kuw.jpg --> www.users.freenetname.co.uk /public_html/img kuw.jpg
2005.07.02 07:19 B c:\my documents\kurudamannil\img\kuw1.jpg --> www.users.freenetname.co.uk /public_html/img kuw1.jpg
2005.07.02 07:19 B c:\my documents\kurudamannil\img\l1_hist.gif --> www.users.freenetname.co.uk /public_html/img l1_hist.gif
2005.07.02 07:19 B c:\my documents\kurudamannil\img\l2_gen.gif --> www.users.freenetname.co.uk /public_html/img l2_gen.gif
2005.07.02 07:19 B c:\my documents\kurudamannil\img\l3_kaip.gif --> www.users.freenetname.co.uk /public_html/img l3_kaip.gif
2005.07.02 07:19 B c:\my documents\kurudamannil\img\l4_kaip.gif --> www.users.freenetname.co.uk /public_html/img l4_kaip.gif
2005.07.02 07:19 B c:\my documents\kurudamannil\img\l5_kurum.gif --> www.users.freenetname.co.uk /public_html/img l5_kurum.gif
2005.07.02 07:19 B c:\my documents\kurudamannil\img\l6_kanth.gif --> www.users.freenetname.co.uk /public_html/img l6_kanth.gif
2005.07.02 07:19 B c:\my documents\kurudamannil\img\l7_puthen.gif --> www.users.freenetname.co.uk /public_html/img l7_puthen.gif
2005.07.02 07:19 B c:\my documents\kurudamannil\img\l8_kuru.gif --> www.users.freenetname.co.uk /public_html/img l8_kuru.gif
2005.07.02 07:19 B c:\my documents\kurudamannil\img\l_blnk.gif --> www.users.freenetname.co.uk /public_html/img l_blnk.gif
2005.07.02 07:19 B c:\my documents\kurudamannil\img\la_home.gif --> www.users.freenetname.co.uk /public_html/img la_home.gif
2005.07.02 07:19 B c:\my documents\kurudamannil\img\lb_news.gif --> www.users.freenetname.co.uk /public_html/img lb_news.gif
2005.07.02 07:19 B c:\my documents\kurudamannil\img\lc_mat.gif --> www.users.freenetname.co.uk /public_html/img lc_mat.gif
2005.07.02 07:19 B c:\my documents\kurudamannil\img\ld_obit.gif --> www.users.freenetname.co.uk /public_html/img ld_obit.gif
2005.07.02 07:19 B c:\my documents\kurudamannil\img\le_cont.gif --> www.users.freenetname.co.uk /public_html/img le_cont.gif
2005.07.02 07:19 B c:\my documents\kurudamannil\img\lf_feed.gif --> www.users.freenetname.co.uk /public_html/img lf_feed.gif
2005.07.02 07:19 B c:\my documents\kurudamannil\img\lg.gif --> www.users.freenetname.co.uk /public_html/img lg.gif
2005.07.02 07:19 B c:\my documents\kurudamannil\img\mo_cont.gif --> www.users.freenetname.co.uk /public_html/img mo_cont.gif
2005.07.02 07:19 B c:\my documents\kurudamannil\img\mo_feed.gif --> www.users.freenetname.co.uk /public_html/img mo_feed.gif
2005.07.02 07:19 B c:\my documents\kurudamannil\img\mo_gen.gif --> www.users.freenetname.co.uk /public_html/img mo_gen.gif
2005.07.02 07:19 B c:\my documents\kurudamannil\img\mo_hist.gif --> www.users.freenetname.co.uk /public_html/img mo_hist.gif
2005.07.02 07:19 B c:\my documents\kurudamannil\img\mo_home.gif --> www.users.freenetname.co.uk /public_html/img mo_home.gif
2005.07.02 07:19 B c:\my documents\kurudamannil\img\mo_kaipa.gif --> www.users.freenetname.co.uk /public_html/img mo_kaipa.gif
2005.07.02 07:19 B c:\my documents\kurudamannil\img\mo_kaipl.gif --> www.users.freenetname.co.uk /public_html/img mo_kaipl.gif
2005.07.02 07:19 B c:\my documents\kurudamannil\img\mo_kanth.gif --> www.users.freenetname.co.uk /public_html/img mo_kanth.gif
2005.07.02 07:19 B c:\my documents\kurudamannil\img\mo_kuru.gif --> www.users.freenetname.co.uk /public_html/img mo_kuru.gif
2005.07.02 07:19 B c:\my documents\kurudamannil\img\mo_kurum.gif --> www.users.freenetname.co.uk /public_html/img mo_kurum.gif
2005.07.02 07:19 B c:\my documents\kurudamannil\img\mo_mat.gif --> www.users.freenetname.co.uk /public_html/img mo_mat.gif
2005.07.02 07:19 B c:\my documents\kurudamannil\img\mo_news.gif --> www.users.freenetname.co.uk /public_html/img mo_news.gif
2005.07.02 07:19 B c:\my documents\kurudamannil\img\mo_obit.gif --> www.users.freenetname.co.uk /public_html/img mo_obit.gif
2005.07.02 07:19 B c:\my documents\kurudamannil\img\mo_puthen.gif --> www.users.freenetname.co.uk /public_html/img mo_puthen.gif
2005.07.02 07:19 B c:\my documents\kurudamannil\img\monu.JPG --> www.users.freenetname.co.uk /public_html/img monu.JPG
2005.07.02 07:19 B c:\my documents\kurudamannil\img\monu2.JPG --> www.users.freenetname.co.uk /public_html/img monu2.JPG
2005.07.02 07:19 B c:\my documents\kurudamannil\img\pillar.jpg --> www.users.freenetname.co.uk /public_html/img pillar.jpg
2005.07.02 07:19 B c:\my documents\kurudamannil\img\punnoose.jpg --> www.users.freenetname.co.uk /public_html/img punnoose.jpg
2005.07.02 07:19 B c:\my documents\kurudamannil\img\puthenpurackal1.jpg --> www.users.freenetname.co.uk /public_html/img puthenpurackal1.jpg
2005.07.02 07:19 B c:\my documents\kurudamannil\img\puthenpurackal2.jpg --> www.users.freenetname.co.uk /public_html/img puthenpurackal2.jpg
2005.07.02 07:19 B c:\my documents\kurudamannil\img\sanharsh.JPG --> www.users.freenetname.co.uk /public_html/img sanharsh.JPG
2005.07.02 07:19 B c:\my documents\kurudamannil\img\sanu.jpg --> www.users.freenetname.co.uk /public_html/img sanu.jpg
2005.07.02 07:19 B c:\my documents\kurudamannil\img\t_gen.jpg --> www.users.freenetname.co.uk /public_html/img t_gen.jpg
2005.07.02 07:19 B c:\my documents\kurudamannil\img\t_hist].jpg --> www.users.freenetname.co.uk /public_html/img t_hist].jpg
2005.07.02 07:19 B c:\my documents\kurudamannil\img\t_kaipallil.jpg --> www.users.freenetname.co.uk /public_html/img t_kaipallil.jpg
2005.07.02 07:19 B c:\my documents\kurudamannil\img\t_kaiplackal.jpg --> www.users.freenetname.co.uk /public_html/img t_kaiplackal.jpg
2005.07.02 07:19 B c:\my documents\kurudamannil\img\t_kanthapallil.jpg --> www.users.freenetname.co.uk /public_html/img t_kanthapallil.jpg
2005.07.02 07:19 B c:\my documents\kurudamannil\img\t_kurud.jpg --> www.users.freenetname.co.uk /public_html/img t_kurud.jpg
2005.07.02 07:19 B c:\my documents\kurudamannil\img\t_kurumpelil.jpg --> www.users.freenetname.co.uk /public_html/img t_kurumpelil.jpg
2005.07.02 07:19 B c:\my documents\kurudamannil\img\t_puthen.jpg --> www.users.freenetname.co.uk /public_html/img t_puthen.jpg
2005.07.02 07:19 B c:\my documents\kurudamannil\img\thanku.jpg --> www.users.freenetname.co.uk /public_html/img thanku.jpg
2005.07.02 07:19 B c:\my documents\kurudamannil\img\tharavad.jpg --> www.users.freenetname.co.uk /public_html/img tharavad.jpg
2005.07.02 07:19 B c:\my documents\kurudamannil\img\tharavad1.jpg --> www.users.freenetname.co.uk /public_html/img tharavad1.jpg
2005.07.02 07:19 B c:\my documents\kurudamannil\img\tharavad2.jpg --> www.users.freenetname.co.uk /public_html/img tharavad2.jpg
2005.07.02 07:19 B c:\my documents\kurudamannil\img\top.jpg --> www.users.freenetname.co.uk /public_html/img top.jpg
2005.07.02 07:19 B c:\my documents\kurudamannil\img\top_1.jpg --> www.users.freenetname.co.uk /public_html/img top_1.jpg
2005.07.02 07:19 B c:\my documents\kurudamannil\img\top_2.jpg --> www.users.freenetname.co.uk /public_html/img top_2.jpg
2005.07.02 07:19 B c:\my documents\kurudamannil\img\tree1.gif --> www.users.freenetname.co.uk /public_html/img tree1.gif
2005.07.02 07:19 B c:\my documents\kurudamannil\img\uae.jpg --> www.users.freenetname.co.uk /public_html/img uae.jpg
2005.07.02 07:19 B c:\my documents\kurudamannil\img\underconstruction.gif --> www.users.freenetname.co.uk /public_html/img underconstruction.gif
2005.07.02 07:19 B c:\my documents\kurudamannil\img\wed.jpg --> www.users.freenetname.co.uk /public_html/img wed.jpg
2005.07.02 07:19 B c:\my documents\kurudamannil\img\ZbThumbnail.info --> www.users.freenetname.co.uk /public_html/img ZbThumbnail.info
2005.07.02 07:27 B c:\my documents\kurudamannil\img\cher14.jpg --> www.users.freenetname.co.uk /public_html/img cher14.jpg
2005.07.02 07:27 B c:\my documents\kurudamannil\img\cher5.jpg --> www.users.freenetname.co.uk /public_html/img cher5.jpg
2005.07.02 07:27 B c:\my documents\kurudamannil\img\dr.simonfamily.JPG --> www.users.freenetname.co.uk /public_html/img dr.simonfamily.JPG
2005.07.02 07:27 B c:\my documents\kurudamannil\img\dubai2.JPG --> www.users.freenetname.co.uk /public_html/img dubai2.JPG
2005.07.02 07:27 B c:\my documents\kurudamannil\img\easo.JPG --> www.users.freenetname.co.uk /public_html/img easo.JPG
2005.07.02 07:27 B c:\my documents\kurudamannil\img\easo2.JPG --> www.users.freenetname.co.uk /public_html/img easo2.JPG
2005.07.02 07:27 B c:\my documents\kurudamannil\img\img.Zip --> www.users.freenetname.co.uk /public_html/img img.Zip
2005.07.02 07:27 B c:\my documents\kurudamannil\img\jai.JPG --> www.users.freenetname.co.uk /public_html/img jai.JPG
2005.07.02 07:27 B c:\my documents\kurudamannil\img\kud.jpg --> www.users.freenetname.co.uk /public_html/img kud.jpg
2005.07.02 07:27 B c:\my documents\kurudamannil\img\kuncheria.jpg --> www.users.freenetname.co.uk /public_html/img kuncheria.jpg
2005.07.02 07:27 B c:\my documents\kurudamannil\img\kunj.JPG --> www.users.freenetname.co.uk /public_html/img kunj.JPG
2005.07.02 07:27 B c:\my documents\kurudamannil\img\kuw.jpg --> www.users.freenetname.co.uk /public_html/img kuw.jpg
2005.07.02 07:27 B c:\my documents\kurudamannil\img\kuw1.jpg --> www.users.freenetname.co.uk /public_html/img kuw1.jpg
2005.07.02 07:27 B c:\my documents\kurudamannil\img\monu.JPG --> www.users.freenetname.co.uk /public_html/img monu.JPG
2005.07.02 07:28 B c:\my documents\kurudamannil\img\monu2.JPG --> www.users.freenetname.co.uk /public_html/img monu2.JPG
2005.07.02 07:28 B c:\my documents\kurudamannil\img\sanharsh.JPG --> www.users.freenetname.co.uk /public_html/img sanharsh.JPG
2005.07.02 07:28 B c:\my documents\kurudamannil\img\sanu.jpg --> www.users.freenetname.co.uk /public_html/img sanu.jpg
2005.07.02 07:28 B c:\my documents\kurudamannil\img\uae.jpg --> www.users.freenetname.co.uk /public_html/img uae.jpg
2005.07.02 07:28 B c:\my documents\kurudamannil\img\wed.jpg --> www.users.freenetname.co.uk /public_html/img wed.jpg
2005.07.02 07:28 B c:\my documents\kurudamannil\img\WS_FTP.LOG --> www.users.freenetname.co.uk /public_html/img WS_FTP.LOG
2005.07.02 07:28 B c:\my documents\kurudamannil\img\ZbThumbnail.info --> www.users.freenetname.co.uk /public_html/img ZbThumbnail.info
2005.07.02 07:39 B c:\my documents\kurudamannil\img\dr.simonfamily.JPG --> www.users.freenetname.co.uk /public_html/img dr.simonfamily.JPG
2005.07.02 07:39 B c:\my documents\kurudamannil\img\dubai2.JPG --> www.users.freenetname.co.uk /public_html/img dubai2.JPG
2005.07.02 07:39 B c:\my documents\kurudamannil\img\monu.JPG --> www.users.freenetname.co.uk /public_html/img monu.JPG
2005.07.02 07:39 B c:\my documents\kurudamannil\img\monu2.JPG --> www.users.freenetname.co.uk /public_html/img monu2.JPG
2005.07.02 07:39 B c:\my documents\kurudamannil\img\sanharsh.JPG --> www.users.freenetname.co.uk /public_html/img sanharsh.JPG
